<?xml version="1.0" encoding="UTF-8"?>
<!-- Generated by org.testng.reporters.JUnitXMLReporter -->
<testsuite ignored="0" hostname="LAPTOP-9TE3HTMN" failures="0" tests="4" name="Regression Test Suite" time="0.1" errors="0" timestamp="2021-05-06T11:05:16 IST">
  <testcase classname="listeners.TestA" name="testcase2" time="0.01"/>
  <testcase classname="listeners.TestA" name="testcase5" time="0.003"/>
  <testcase classname="listeners.TestA" name="testcase6" time="0.002"/>
  <testcase classname="listeners.TestB" name="testcase3" time="0.003"/>
</testsuite> <!-- Regression Test Suite -->
