<?xml version="1.0" encoding="UTF-8"?>
<testng-results ignored="1" total="4" passed="3" failed="0" skipped="0">
  <reporter-output>
  </reporter-output>
  <suite started-at="2021-05-25T16:07:49 IST" name="Default suite" finished-at="2021-05-25T16:07:49 IST" duration-ms="91">
    <groups>
    </groups>
    <test started-at="2021-05-25T16:07:49 IST" name="Default test" finished-at="2021-05-25T16:07:49 IST" duration-ms="91">
      <class name="dataprovider.DataProviderTest">
        <test-method signature="test1(java.lang.String)[pri:0, instance:dataprovider.DataProviderTest@48974e45]" started-at="2021-05-25T16:07:49 IST" name="test1" data-provider="getData1" finished-at="2021-05-25T16:07:49 IST" duration-ms="11" status="PASS">
          <params>
            <param index="0">
              <value>
                <![CDATA[sagar]]>
              </value>
            </param>
          </params>
          <reporter-output>
          </reporter-output>
        </test-method> <!-- test1 -->
        <test-method signature="test1(java.lang.String)[pri:0, instance:dataprovider.DataProviderTest@48974e45]" started-at="2021-05-25T16:07:49 IST" name="test1" data-provider="getData1" finished-at="2021-05-25T16:07:49 IST" duration-ms="2" status="PASS">
          <params>
            <param index="0">
              <value>
                <![CDATA[Automation]]>
              </value>
            </param>
          </params>
          <reporter-output>
          </reporter-output>
        </test-method> <!-- test1 -->
        <test-method signature="test1(java.lang.String)[pri:0, instance:dataprovider.DataProviderTest@48974e45]" started-at="2021-05-25T16:07:49 IST" name="test1" data-provider="getData1" finished-at="2021-05-25T16:07:49 IST" duration-ms="2" status="PASS">
          <params>
            <param index="0">
              <value>
                <![CDATA[labs]]>
              </value>
            </param>
          </params>
          <reporter-output>
          </reporter-output>
        </test-method> <!-- test1 -->
      </class> <!-- dataprovider.DataProviderTest -->
    </test> <!-- Default test -->
  </suite> <!-- Default suite -->
</testng-results>
