<?xml version="1.0" encoding="UTF-8"?>
<!-- Generated by org.testng.reporters.JUnitXMLReporter -->
<testsuite ignored="1" hostname="LAPTOP-9TE3HTMN" failures="0" tests="3" name="Default test" time="0.091" errors="0" timestamp="2021-05-25T16:07:49 IST">
  <testcase classname="dataprovider.DataProviderTest" name="test1" time="0.011"/>
  <testcase classname="dataprovider.DataProviderTest" name="test1" time="0.002"/>
  <testcase classname="dataprovider.DataProviderTest" name="test1" time="0.002"/>
  <testcase classname="dataprovider.DataProviderTest" name="test2" time="0.0">
    <ignored/>
  </testcase> <!-- test2 -->
</testsuite> <!-- Default test -->
