<?xml version="1.0" encoding="UTF-8"?>
<testng-results ignored="0" total="2" passed="2" failed="0" skipped="0">
  <reporter-output>
  </reporter-output>
  <suite started-at="2021-05-30T10:29:29 IST" name="Suite" finished-at="2021-05-30T10:34:10 IST" duration-ms="281025">
    <groups>
    </groups>
    <test started-at="2021-05-30T10:29:29 IST" name="Test" finished-at="2021-05-30T10:34:10 IST" duration-ms="281025">
      <class name="com.opentesting.tests.HomePageTest">
        <test-method is-config="true" signature="setUp()[pri:0, instance:com.opentesting.tests.HomePageTest@6a84a97d]" started-at="2021-05-30T10:29:29 IST" name="setUp" finished-at="2021-05-30T10:29:39 IST" duration-ms="10006" status="PASS">
          <reporter-output>
          </reporter-output>
        </test-method> <!-- setUp -->
        <test-method signature="TC_001()[pri:0, instance:com.opentesting.tests.HomePageTest@6a84a97d]" started-at="2021-05-30T10:29:39 IST" name="TC_001" description="To Collect the links from  Section1 of 
Global Times Web app  and print on report log" finished-at="2021-05-30T10:29:40 IST" duration-ms="461" status="PASS">
          <reporter-output>
          </reporter-output>
        </test-method> <!-- TC_001 -->
        <test-method is-config="true" signature="tearDown()[pri:0, instance:com.opentesting.tests.HomePageTest@6a84a97d]" started-at="2021-05-30T10:29:40 IST" name="tearDown" finished-at="2021-05-30T10:29:41 IST" duration-ms="688" status="PASS">
          <reporter-output>
          </reporter-output>
        </test-method> <!-- tearDown -->
        <test-method is-config="true" signature="setUp()[pri:0, instance:com.opentesting.tests.HomePageTest@6a84a97d]" started-at="2021-05-30T10:29:41 IST" name="setUp" finished-at="2021-05-30T10:30:11 IST" duration-ms="30488" status="PASS">
          <reporter-output>
          </reporter-output>
        </test-method> <!-- setUp -->
        <test-method signature="TC_002()[pri:0, instance:com.opentesting.tests.HomePageTest@6a84a97d]" started-at="2021-05-30T10:30:11 IST" name="TC_002" description="To navigate all the links of section1 and  
copy the content of respective link in a file    " finished-at="2021-05-30T10:34:09 IST" duration-ms="237766" status="PASS">
          <reporter-output>
          </reporter-output>
        </test-method> <!-- TC_002 -->
        <test-method is-config="true" signature="tearDown()[pri:0, instance:com.opentesting.tests.HomePageTest@6a84a97d]" started-at="2021-05-30T10:34:09 IST" name="tearDown" finished-at="2021-05-30T10:34:10 IST" duration-ms="951" status="PASS">
          <reporter-output>
          </reporter-output>
        </test-method> <!-- tearDown -->
      </class> <!-- com.opentesting.tests.HomePageTest -->
    </test> <!-- Test -->
  </suite> <!-- Suite -->
</testng-results>
