<?xml version="1.0" encoding="UTF-8"?>
<!-- Generated by org.testng.reporters.JUnitXMLReporter -->
<testsuite ignored="0" hostname="LAPTOP-9TE3HTMN" failures="0" tests="6" name="Test" time="0.062" errors="0" timestamp="2021-05-08T17:40:07 IST">
  <testcase classname="listenerusecase.B" name="test4" time="0.005"/>
  <testcase classname="listenerusecase.B" name="test5" time="0.001"/>
  <testcase classname="listenerusecase.B" name="test6" time="0.001"/>
  <testcase classname="listenerusecase.A" name="test1" time="0.002"/>
  <testcase classname="listenerusecase.A" name="test2" time="0.001"/>
  <testcase classname="listenerusecase.A" name="test3" time="0.001"/>
</testsuite> <!-- Test -->
